<?xml version="1.0" encoding="UTF-8"?>
<testsuite name="test1" tests="8" skipped="0" failures="0" errors="0" timestamp="2021-09-20T14:39:25" hostname="inikta" time="0.05">
  <properties/>
  <testcase name="emptyArray()" classname="test1" time="0.035"/>
  <testcase name="equalsArray()" classname="test1" time="0.001"/>
  <testcase name="someArray()" classname="test1" time="0.001"/>
  <testcase name="taskArray()" classname="test1" time="0.001"/>
  <testcase name="Array1000()" classname="test1" time="0.007"/>
  <testcase name="twoArray()" classname="test1" time="0.0"/>
  <testcase name="sortedArray()" classname="test1" time="0.0"/>
  <testcase name="oneArray()" classname="test1" time="0.001"/>
  <system-out><![CDATA[]]></system-out>
  <system-err><![CDATA[]]></system-err>
</testsuite>
